<?xml version="1.0" encoding="UTF-8"?>
<testExecutions version="1">
  <file path="D:\Facultate\ip_front\fe-labs-and-courses-management\src\components\TeacherInfo\TeacherInfoCard.test.tsx">
    <testCase name="TeacherInfoCard renders the card title" duration="358"/>
    <testCase name="TeacherInfoCard renders the teacher name" duration="276"/>
    <testCase name="TeacherInfoCard renders the course titles" duration="96"/>
    <testCase name="CourseCard should render properly" duration="53"/>
    <testCase name="CoursesCard should render properly" duration="99"/>
  </file>
  <file path="D:\Facultate\ip_front\fe-labs-and-courses-management\src\components\UserInfoModal\UserInfoModal.test.tsx">
    <testCase name="ModalTitle should render properly when not in edit mode" duration="330"/>
    <testCase name="ModalTitle should not render a pencil icon when in edit mode" duration="6"/>
    <testCase name="ModalTitle should go into edit mode on icon click" duration="61"/>
    <testCase name="ModalFooter should render properly when in edit mode" duration="140"/>
    <testCase name="ModalFooter should render properly when not in edit mode" duration="69"/>
    <testCase name="ModalFooter should call onSave when save button is clicked" duration="47"/>
    <testCase name="ModalFooter should call onCancel when cancel button is clicked" duration="31"/>
    <testCase name="ModalFooter should call onLogout when logout button is clicked" duration="27"/>
    <testCase name="UserProfileAvatar should render properly when not editing and with an avatar" duration="6"/>
    <testCase name="UserProfileAvatar should render properly when editing and with an uploaded avatar" duration="58"/>
    <testCase name="UserInfoModal should render the user icon properly" duration="229"/>
  </file>
  <file path="D:\Facultate\ip_front\fe-labs-and-courses-management\src\pages\Subject\__tests__\Accordion.test.tsx">
    <testCase name="Accordion should render Acoordion component" duration="436"/>
    <testCase name="Accordion renders the Accordion component with the correct props" duration="128"/>
    <testCase name="Accordion should  open the modal for the new component" duration="513"/>
  </file>
  <file path="D:\Facultate\ip_front\fe-labs-and-courses-management\src\components\NetworkCard\NetworkCard.test.tsx">
    <testCase name="UserHeader should render properly" duration="113"/>
    <testCase name="UserInfoFields should render properly" duration="8"/>
    <testCase name="NetworkCard should render properly" duration="203"/>
  </file>
  <file path="D:\Facultate\ip_front\fe-labs-and-courses-management\src\pages\Subject\__tests__\ResourcesTable.test.tsx">
    <testCase name="ResourcesTable component renders table with resource titles" duration="1083"/>
    <testCase name="ResourcesTable component opens a modal when &apos;Add resource&apos; button is clicked" duration="589"/>
  </file>
  <file path="D:\Facultate\ip_front\fe-labs-and-courses-management\src\pages\Subject\__tests__\SubjectAna.test.tsx">
    <testCase name="SubjectAna component renders course title" duration="52"/>
    <testCase name="SubjectAna component write src picture" duration="356"/>
    <testCase name="SubjectAna component clicking &apos;View Full Description&apos; shows the modal" duration="19"/>
    <testCase name="SubjectAna component Modal opening" duration="196"/>
    <testCase name="SubjectAna component should render the modal with edit and close buttons" duration="385"/>
    <testCase name="SubjectAna component should show the edit textarea when Edit button is clicked" duration="317"/>
    <testCase name="SubjectAna component should set a new description when Save button is clicked and close the modal when Close button is clicked" duration="255"/>
  </file>
  <file path="D:\Facultate\ip_front\fe-labs-and-courses-management\src\pages\Catalog\__tests__\AddGradeComponent.test.tsx">
    <testCase name="AddGrade component should render a button to open the modal" duration="448"/>
    <testCase name="AddGrade component should render a modal when the button is clicked" duration="831"/>
    <testCase name="AddGrade component should submit the form data when the add button is clicked" duration="742"/>
  </file>
  <file path="D:\Facultate\ip_front\fe-labs-and-courses-management\src\pages\Subject\__tests__\FormModal.test.tsx">
    <testCase name="FormModal renders modal title" duration="671"/>
    <testCase name="FormModal should render the submit button" duration="404"/>
  </file>
  <file path="D:\Facultate\ip_front\fe-labs-and-courses-management\src\pages\Catalog\__tests__\UpdateGradeComponent.test.tsx">
    <testCase name="UpdateGrade component should render a button to open the modal" duration="227"/>
    <testCase name="UpdateGrade component should render a modal when the button is clicked" duration="1042"/>
    <testCase name="UpdateGrade component should submit the form data when the update button is clicked" duration="729"/>
  </file>
  <file path="D:\Facultate\ip_front\fe-labs-and-courses-management\src\components\RemindersCard\RemindersContext.test.tsx">
    <testCase name="RemindersContext should call saveNewReminder when click on submit button" duration="366"/>
  </file>
  <file path="D:\Facultate\ip_front\fe-labs-and-courses-management\src\pages\Catalog\__tests__\CatalogComponent.test.tsx">
    <testCase name="Catalog renders student&apos;s name and grades table" duration="215"/>
    <testCase name="Catalog renders grades correctly" duration="204"/>
  </file>
  <file path="D:\Facultate\ip_front\fe-labs-and-courses-management\src\pages\Subject\__tests__\SubjectAlex.test.tsx">
    <testCase name="SubjectAlex component fetches the data from the API" duration="291"/>
  </file>
  <file path="D:\Facultate\ip_front\fe-labs-and-courses-management\src\pages\Catalog\__tests__\DeleteGradeComponent.test.tsx">
    <testCase name="DeleteGrade component clicking delete button shows confirmation modal" duration="718"/>
    <testCase name="DeleteGrade component clicking delete button and confirming should delete grade and close modal" duration="358"/>
  </file>
  <file path="D:\Facultate\ip_front\fe-labs-and-courses-management\src\pages\Subject\__tests__\CardGrid.test.tsx">
    <testCase name="CardGrid renders the correct number of subject cards" duration="268"/>
  </file>
  <file path="D:\Facultate\ip_front\fe-labs-and-courses-management\src\components\UserInfoModal\UserAvatar.test.tsx">
    <testCase name="UserAvatar should render the user placeholder icon" duration="119"/>
    <testCase name="UserAvatar should render a custom user avatar" duration="32"/>
    <testCase name="UserAvatar should call the onClick function when clicked" duration="51"/>
  </file>
  <file path="D:\Facultate\ip_front\fe-labs-and-courses-management\src\components\UserInfoModal\UserInfoInput.test.tsx">
    <testCase name="UserInfoInput should render properly" duration="61"/>
    <testCase name="UserInfoInput should be editable when in edit mode" duration="437"/>
    <testCase name="UserInfoInput should not be editable when not in edit mode" duration="10"/>
  </file>
  <file path="D:\Facultate\ip_front\fe-labs-and-courses-management\src\components\RemindersCard\RemindersCardBody.test.tsx">
    <testCase name="RemindersCardBody should render reminders title" duration="640"/>
    <testCase name="RemindersCardBody should render the title of the reminder" duration="199"/>
  </file>
  <file path="D:\Facultate\ip_front\fe-labs-and-courses-management\src\components\RemindersCard\AddItem.test.tsx">
    <testCase name="AddReminder should render title field" duration="467"/>
    <testCase name="AddReminder should render description field" duration="155"/>
    <testCase name="AddReminder should render due date field" duration="119"/>
  </file>
</testExecutions>