<?xml version="1.0" encoding="UTF-8"?>
<testExecutions version="1">
  <file path="C:\Users\Ana-Maria\ip_project\fe-labs-and-courses-management\src\pages\Subject\__tests__\Accordion.test.tsx">
    <testCase name="Accordion should render Acoordion component" duration="318"/>
    <testCase name="Accordion should open the add modal when add button is clicked" duration="548"/>
    <testCase name="Accordion should close the add modal when cancel button is clicked" duration="226"/>
    <testCase name="Accordion should save the new component and update the state when form is submitted" duration="1652"/>
    <testCase name="Accordion renders the Accordion component with the correct props" duration="61"/>
    <testCase name="Accordion should  open the modal for the new component" duration="170"/>
  </file>
</testExecutions>